<?xml version="1.0" encoding="UTF-8"?>
<!-- Generated by org.testng.reporters.JUnitReportReporter -->
<testsuite hostname="DESKTOP-33C0BU9" failures="0" tests="6" name="testrunner.TestRunner2" time="82.118" errors="0" timestamp="2024-08-10T20:40:52 IST" skipped="0">
  <testcase classname="testrunner.TestRunner2" name="runScenario" time="16.098"/>
  <system-out/>
  <testcase classname="testrunner.TestRunner2" name="runScenario" time="13.629"/>
  <system-out/>
  <testcase classname="testrunner.TestRunner2" name="runScenario" time="14.587"/>
  <system-out/>
  <testcase classname="testrunner.TestRunner2" name="runScenario" time="12.801"/>
  <system-out/>
  <testcase classname="testrunner.TestRunner2" name="runScenario" time="10.583"/>
  <system-out/>
  <testcase classname="testrunner.TestRunner2" name="runScenario" time="14.420"/>
  <system-out/>
</testsuite> <!-- testrunner.TestRunner2 -->
