<?xml version="1.0" encoding="UTF-8"?>
<!-- Generated by org.testng.reporters.JUnitReportReporter -->
<testsuite hostname="DESKTOP-33C0BU9" failures="0" tests="13" name="parallel.ParallelTestRunner2" time="690.744" errors="0" timestamp="2024-08-11T21:43:48 IST" skipped="0">
  <testcase classname="parallel.ParallelTestRunner2" name="runScenario" time="61.838"/>
  <testcase classname="parallel.ParallelTestRunner2" name="runScenario" time="19.734"/>
  <testcase classname="parallel.ParallelTestRunner2" name="runScenario" time="19.193"/>
  <testcase classname="parallel.ParallelTestRunner2" name="runScenario" time="64.829"/>
  <testcase classname="parallel.ParallelTestRunner2" name="runScenario" time="62.319"/>
  <testcase classname="parallel.ParallelTestRunner2" name="runScenario" time="64.919"/>
  <testcase classname="parallel.ParallelTestRunner2" name="runScenario" time="17.156"/>
  <testcase classname="parallel.ParallelTestRunner2" name="runScenario" time="55.370"/>
  <testcase classname="parallel.ParallelTestRunner2" name="runScenario" time="62.872"/>
  <testcase classname="parallel.ParallelTestRunner2" name="runScenario" time="71.462"/>
  <testcase classname="parallel.ParallelTestRunner2" name="runScenario" time="64.725"/>
  <testcase classname="parallel.ParallelTestRunner2" name="runScenario" time="66.162"/>
  <testcase classname="parallel.ParallelTestRunner2" name="runScenario" time="60.165"/>
</testsuite> <!-- parallel.ParallelTestRunner2 -->
